<?xml version="1.0" encoding="UTF-8" ?>
<testsuite tests="16" failures="0" name="calculator.RunnerTest" time="0.001" errors="0" skipped="0">
  <properties>
[...]
</properties>
  <testcase classname="Scenario: calculate operation of two numbers" name="Given Two input values, 6 and 2, one operator *" time="0.001"/>
  <testcase classname="Scenario: calculate operation of two numbers" name="When I operate on the two values" time="0"/>
  <testcase classname="Scenario: calculate operation of two numbers" name="Then I expect the result 12" time="0"/>
  <testcase classname="Scenario: calculate operation of two numbers" name="Scenario: calculate operation of two numbers" time="0"/>
  <testcase classname="| 6 | 2 | * | 12 |" name="Given Two input values, 6 and 2, one operator *" time="0"/>
  <testcase classname="| 6 | 2 | * | 12 |" name="When I operate on the two values" time="0"/>
  <testcase classname="| 6 | 2 | * | 12 |" name="Then I expect the result 12" time="0"/>
  <testcase classname="| 6 | 2 | * | 12 |" name="| 6 | 2 | * | 12 |" time="0"/>
  <testcase classname="| 6 | 2 | / | 3 |" name="Given Two input values, 6 and 2, one operator /" time="0"/>
  <testcase classname="| 6 | 2 | / | 3 |" name="When I operate on the two values" time="0"/>
  <testcase classname="| 6 | 2 | / | 3 |" name="Then I expect the result 3" time="0"/>
  <testcase classname="| 6 | 2 | / | 3 |" name="| 6 | 2 | / | 3 |" time="0"/>
  <testcase classname="| 6 | 2 | ^ | 36 |" name="Given Two input values, 6 and 2, one operator ^" time="0"/>
  <testcase classname="| 6 | 2 | ^ | 36 |" name="When I operate on the two values" time="0"/>
  <testcase classname="| 6 | 2 | ^ | 36 |" name="Then I expect the result 36" time="0"/>
  <testcase classname="| 6 | 2 | ^ | 36 |" name="| 6 | 2 | ^ | 36 |" time="0"/>
</testsuite>